<?xml version="1.0" encoding="UTF-8"?>
<testsuite name="hello.hellospring.HelloSpringApplicationTests" tests="1" skipped="0" failures="0" errors="0" timestamp="2024-05-03T03:46:16" hostname="Youngjunui-MacBookPro.local" time="0.474">
  <properties/>
  <testcase name="contextLoads()" classname="hello.hellospring.HelloSpringApplicationTests" time="0.474"/>
  <system-out><![CDATA[12:46:15.258 [Test worker] INFO org.springframework.test.context.support.AnnotationConfigContextLoaderUtils -- Could not detect default configuration classes for test class [hello.hellospring.HelloSpringApplicationTests]: HelloSpringApplicationTests does not declare any static, non-private, non-final, nested classes annotated with @Configuration.
12:46:15.307 [Test worker] INFO org.springframework.boot.test.context.SpringBootTestContextBootstrapper -- Found @SpringBootConfiguration hello.hellospring.HelloSpringApplication for test class hello.hellospring.HelloSpringApplicationTests

  .   ____          _            __ _ _
 /\\ / ___'_ __ _ _(_)_ __  __ _ \ \ \ \
( ( )\___ | '_ | '_| | '_ \/ _` | \ \ \ \
 \\/  ___)| |_)| | | | | || (_| |  ) ) ) )
  '  |____| .__|_| |_|_| |_\__, | / / / /
 =========|_|==============|___/=/_/_/_/
?[32m :: Spring Boot :: ?[39m              ?[2m (v3.2.5)?[0;39m

?[2m2024-05-03T12:46:15.522+09:00?[0;39m ?[32m INFO?[0;39m ?[35m12195?[0;39m ?[2m---?[0;39m ?[2m[hello-spring] [    Test worker]?[0;39m ?[2m?[0;39m?[36mh.h.HelloSpringApplicationTests         ?[0;39m ?[2m:?[0;39m Starting HelloSpringApplicationTests using Java 22 with PID 12195 (started by youngjunkim in /Users/youngjunkim/Desktop/hello-spring)
?[2m2024-05-03T12:46:15.523+09:00?[0;39m ?[32m INFO?[0;39m ?[35m12195?[0;39m ?[2m---?[0;39m ?[2m[hello-spring] [    Test worker]?[0;39m ?[2m?[0;39m?[36mh.h.HelloSpringApplicationTests         ?[0;39m ?[2m:?[0;39m No active profile set, falling back to 1 default profile: "default"
?[2m2024-05-03T12:46:15.923+09:00?[0;39m ?[32m INFO?[0;39m ?[35m12195?[0;39m ?[2m---?[0;39m ?[2m[hello-spring] [    Test worker]?[0;39m ?[2m?[0;39m?[36mo.s.b.a.w.s.WelcomePageHandlerMapping   ?[0;39m ?[2m:?[0;39m Adding welcome page: class path resource [static/index.html]
?[2m2024-05-03T12:46:16.050+09:00?[0;39m ?[32m INFO?[0;39m ?[35m12195?[0;39m ?[2m---?[0;39m ?[2m[hello-spring] [    Test worker]?[0;39m ?[2m?[0;39m?[36mh.h.HelloSpringApplicationTests         ?[0;39m ?[2m:?[0;39m Started HelloSpringApplicationTests in 0.678 seconds (process running for 1.257)
]]></system-out>
  <system-err><![CDATA[WARNING: A Java agent has been loaded dynamically (/Users/youngjunkim/.gradle/caches/modules-2/files-2.1/net.bytebuddy/byte-buddy-agent/1.14.13/979ce25f7d3096a2e82214ba7dc972a05ce7a171/byte-buddy-agent-1.14.13.jar)
WARNING: If a serviceability tool is in use, please run with -XX:+EnableDynamicAgentLoading to hide this warning
WARNING: If a serviceability tool is not in use, please run with -Djdk.instrument.traceUsage for more information
WARNING: Dynamic loading of agents will be disallowed by default in a future release
]]></system-err>
</testsuite>
